2025-06-19 19:41:33 - C:\Users\use\Desktop\vjbots-robot-fjfrigo\resources\logger - INFO - ['main.py', '--update']
2025-06-19 19:41:33 - C:\Users\use\Desktop\vjbots-robot-fjfrigo\resources\logger - INFO - >>> Argumento --update detectado, iniciando o script de atualização...
2025-06-19 19:42:04 - C:\Users\use\Desktop\vjbots-robot-fjfrigo\resources\logger - INFO - 19:42:04 >>> Nenhuma janela de atualização encontrada.
2025-06-19 19:42:06 - C:\Users\use\Desktop\vjbots-robot-fjfrigo\resources\logger - INFO - >>> C:\Users\use\Desktop\vjbots-robot-fjfrigo\resources\updater.robot executado com sucesso.
2025-06-19 19:42:46 - C:\Users\use\Desktop\vjbots-robot-fjfrigo\resources\logger - INFO - ['main.py', '--main']
2025-06-19 19:42:46 - C:\Users\use\Desktop\vjbots-robot-fjfrigo\resources\logger - INFO - >>> Argumento --main detectado, iniciando o script principal...
2025-06-19 20:46:11 - C:\Users\use\Desktop\vjbots-robot-fjfrigo\resources\logger - INFO - >>> Verificando se existe janela de atualização
2025-06-19 20:46:11 - C:\Users\use\Desktop\vjbots-robot-fjfrigo\resources\logger - INFO - 20:46:11 >>> Controle administrativo/Login de usuário True
2025-06-19 20:46:11 - C:\Users\use\Desktop\vjbots-robot-fjfrigo\resources\logger - INFO - >>> Verificando se existe janela de atualização
2025-06-19 20:46:11 - C:\Users\use\Desktop\vjbots-robot-fjfrigo\resources\logger - INFO - 20:46:11 >>> Controle administrativo/Login de usuário True
2025-06-19 20:46:11 - C:\Users\use\Desktop\vjbots-robot-fjfrigo\resources\logger - INFO - >>> Verificando se existe janela de atualização
2025-06-19 20:46:11 - C:\Users\use\Desktop\vjbots-robot-fjfrigo\resources\logger - INFO - 20:46:11 >>> Controle administrativo/Login de usuário True
2025-06-19 20:46:11 - C:\Users\use\Desktop\vjbots-robot-fjfrigo\resources\logger - INFO - >>> Verificando se existe janela de atualização
2025-06-19 20:46:11 - C:\Users\use\Desktop\vjbots-robot-fjfrigo\resources\logger - INFO - 20:46:11 >>> Controle administrativo/Login de usuário True
2025-06-19 20:46:11 - C:\Users\use\Desktop\vjbots-robot-fjfrigo\resources\logger - INFO - >>> Verificando se existe janela de atualização
2025-06-19 20:46:12 - C:\Users\use\Desktop\vjbots-robot-fjfrigo\resources\logger - INFO - 20:46:12 >>> Controle administrativo/Login de usuário True
2025-06-19 20:46:12 - C:\Users\use\Desktop\vjbots-robot-fjfrigo\resources\logger - INFO - >>> Verificando se existe janela de atualização
2025-06-19 20:46:12 - C:\Users\use\Desktop\vjbots-robot-fjfrigo\resources\logger - INFO - 20:46:12 >>> Controle administrativo/Login de usuário True
2025-06-19 20:46:12 - C:\Users\use\Desktop\vjbots-robot-fjfrigo\resources\logger - INFO - >>> Verificando se existe janela de atualização
2025-06-19 20:46:12 - C:\Users\use\Desktop\vjbots-robot-fjfrigo\resources\logger - INFO - 20:46:12 >>> Controle administrativo/Login de usuário True
2025-06-19 20:46:12 - C:\Users\use\Desktop\vjbots-robot-fjfrigo\resources\logger - INFO - >>> Verificando se existe janela de atualização
2025-06-19 20:46:12 - C:\Users\use\Desktop\vjbots-robot-fjfrigo\resources\logger - INFO - 20:46:12 >>> Controle administrativo/Login de usuário True
2025-06-19 20:46:12 - C:\Users\use\Desktop\vjbots-robot-fjfrigo\resources\logger - INFO - >>> Verificando se existe janela de atualização
2025-06-19 20:46:12 - C:\Users\use\Desktop\vjbots-robot-fjfrigo\resources\logger - INFO - 20:46:12 >>> Controle administrativo/Login de usuário True
2025-06-19 20:46:12 - C:\Users\use\Desktop\vjbots-robot-fjfrigo\resources\logger - INFO - >>> Verificando se existe janela de atualização
2025-06-19 20:46:12 - C:\Users\use\Desktop\vjbots-robot-fjfrigo\resources\logger - INFO - 20:46:12 >>> Controle administrativo/Login de usuário True
2025-06-19 20:46:12 - C:\Users\use\Desktop\vjbots-robot-fjfrigo\resources\logger - INFO - >>> Verificando se existe janela de atualização
2025-06-19 20:46:12 - C:\Users\use\Desktop\vjbots-robot-fjfrigo\resources\logger - INFO - 20:46:12 >>> Controle administrativo/Login de usuário True
2025-06-19 20:46:12 - C:\Users\use\Desktop\vjbots-robot-fjfrigo\resources\logger - INFO - >>> Verificando se existe janela de atualização
2025-06-19 20:46:12 - C:\Users\use\Desktop\vjbots-robot-fjfrigo\resources\logger - INFO - 20:46:12 >>> Controle administrativo/Login de usuário True
2025-06-19 20:46:12 - C:\Users\use\Desktop\vjbots-robot-fjfrigo\resources\logger - INFO - >>> Verificando se existe janela de atualização
2025-06-19 20:46:12 - C:\Users\use\Desktop\vjbots-robot-fjfrigo\resources\logger - INFO - 20:46:12 >>> Controle administrativo/Login de usuário True
2025-06-19 20:46:12 - C:\Users\use\Desktop\vjbots-robot-fjfrigo\resources\logger - INFO - >>> Verificando se existe janela de atualização
2025-06-19 20:46:13 - C:\Users\use\Desktop\vjbots-robot-fjfrigo\resources\logger - INFO - 20:46:13 >>> Controle administrativo/Login de usuário True
2025-06-19 20:46:13 - C:\Users\use\Desktop\vjbots-robot-fjfrigo\resources\logger - INFO - >>> Verificando se existe janela de atualização
2025-06-19 20:46:13 - C:\Users\use\Desktop\vjbots-robot-fjfrigo\resources\logger - INFO - 20:46:13 >>> Controle administrativo/Login de usuário True
2025-06-19 20:46:13 - C:\Users\use\Desktop\vjbots-robot-fjfrigo\resources\logger - INFO - >>> Verificando se existe janela de atualização
2025-06-19 20:46:13 - C:\Users\use\Desktop\vjbots-robot-fjfrigo\resources\logger - INFO - 20:46:13 >>> Controle administrativo/Login de usuário True
2025-06-19 20:46:13 - C:\Users\use\Desktop\vjbots-robot-fjfrigo\resources\logger - INFO - >>> Verificando se existe janela de atualização
2025-06-19 20:46:13 - C:\Users\use\Desktop\vjbots-robot-fjfrigo\resources\logger - INFO - 20:46:13 >>> Controle administrativo/Login de usuário True
2025-06-19 20:46:13 - C:\Users\use\Desktop\vjbots-robot-fjfrigo\resources\logger - INFO - >>> Verificando se existe janela de atualização
2025-06-19 20:46:13 - C:\Users\use\Desktop\vjbots-robot-fjfrigo\resources\logger - INFO - 20:46:13 >>> Controle administrativo/Login de usuário True
2025-06-19 20:46:13 - C:\Users\use\Desktop\vjbots-robot-fjfrigo\resources\logger - INFO - >>> Verificando se existe janela de atualização
2025-06-19 20:46:13 - C:\Users\use\Desktop\vjbots-robot-fjfrigo\resources\logger - INFO - 20:46:13 >>> Controle administrativo/Login de usuário True
2025-06-19 20:46:13 - C:\Users\use\Desktop\vjbots-robot-fjfrigo\resources\logger - INFO - >>> Verificando se existe janela de atualização
2025-06-19 20:46:13 - C:\Users\use\Desktop\vjbots-robot-fjfrigo\resources\logger - INFO - 20:46:13 >>> Controle administrativo/Login de usuário True
2025-06-19 20:46:13 - C:\Users\use\Desktop\vjbots-robot-fjfrigo\resources\logger - INFO - >>> Verificando se existe janela de atualização
2025-06-19 20:46:13 - C:\Users\use\Desktop\vjbots-robot-fjfrigo\resources\logger - INFO - 20:46:13 >>> Controle administrativo/Login de usuário True
2025-06-19 20:46:13 - C:\Users\use\Desktop\vjbots-robot-fjfrigo\resources\logger - INFO - >>> Verificando se existe janela de atualização
2025-06-19 20:46:13 - C:\Users\use\Desktop\vjbots-robot-fjfrigo\resources\logger - INFO - 20:46:13 >>> Controle administrativo/Login de usuário True
2025-06-19 20:46:13 - C:\Users\use\Desktop\vjbots-robot-fjfrigo\resources\logger - INFO - >>> Verificando se existe janela de atualização
2025-06-19 20:46:14 - C:\Users\use\Desktop\vjbots-robot-fjfrigo\resources\logger - INFO - 20:46:14 >>> Controle administrativo/Login de usuário True
2025-06-19 20:46:14 - C:\Users\use\Desktop\vjbots-robot-fjfrigo\resources\logger - INFO - >>> Verificando se existe janela de atualização
2025-06-19 20:46:14 - C:\Users\use\Desktop\vjbots-robot-fjfrigo\resources\logger - INFO - 20:46:14 >>> Controle administrativo/Login de usuário True
2025-06-19 20:46:14 - C:\Users\use\Desktop\vjbots-robot-fjfrigo\resources\logger - INFO - >>> Verificando se existe janela de atualização
2025-06-19 20:46:14 - C:\Users\use\Desktop\vjbots-robot-fjfrigo\resources\logger - INFO - 20:46:14 >>> Controle administrativo/Login de usuário True
2025-06-19 20:46:14 - C:\Users\use\Desktop\vjbots-robot-fjfrigo\resources\logger - INFO - >>> Verificando se existe janela de atualização
2025-06-19 20:46:14 - C:\Users\use\Desktop\vjbots-robot-fjfrigo\resources\logger - INFO - 20:46:14 >>> Controle administrativo/Login de usuário True
2025-06-19 20:46:14 - C:\Users\use\Desktop\vjbots-robot-fjfrigo\resources\logger - INFO - >>> Verificando se existe janela de atualização
2025-06-19 20:46:14 - C:\Users\use\Desktop\vjbots-robot-fjfrigo\resources\logger - INFO - 20:46:14 >>> Controle administrativo/Login de usuário True
2025-06-19 20:46:14 - C:\Users\use\Desktop\vjbots-robot-fjfrigo\resources\logger - INFO - >>> Verificando se existe janela de atualização
2025-06-19 20:46:14 - C:\Users\use\Desktop\vjbots-robot-fjfrigo\resources\logger - INFO - 20:46:14 >>> Controle administrativo/Login de usuário True
2025-06-19 20:46:14 - C:\Users\use\Desktop\vjbots-robot-fjfrigo\resources\logger - INFO - >>> Verificando se existe janela de atualização
2025-06-19 20:46:14 - C:\Users\use\Desktop\vjbots-robot-fjfrigo\resources\logger - INFO - 20:46:14 >>> Controle administrativo/Login de usuário True
2025-06-19 20:46:14 - C:\Users\use\Desktop\vjbots-robot-fjfrigo\resources\logger - INFO - >>> Verificando se existe janela de atualização
2025-06-19 20:46:14 - C:\Users\use\Desktop\vjbots-robot-fjfrigo\resources\logger - INFO - 20:46:14 >>> Controle administrativo/Login de usuário True
2025-06-19 20:46:14 - C:\Users\use\Desktop\vjbots-robot-fjfrigo\resources\logger - INFO - >>> Verificando se existe janela de atualização
2025-06-19 20:46:15 - C:\Users\use\Desktop\vjbots-robot-fjfrigo\resources\logger - INFO - 20:46:15 >>> Controle administrativo/Login de usuário True
2025-06-19 20:46:15 - C:\Users\use\Desktop\vjbots-robot-fjfrigo\resources\logger - INFO - >>> Verificando se existe janela de atualização
2025-06-19 20:46:15 - C:\Users\use\Desktop\vjbots-robot-fjfrigo\resources\logger - INFO - 20:46:15 >>> Controle administrativo/Login de usuário True
2025-06-19 20:46:15 - C:\Users\use\Desktop\vjbots-robot-fjfrigo\resources\logger - INFO - >>> Verificando se existe janela de atualização
2025-06-19 20:46:15 - C:\Users\use\Desktop\vjbots-robot-fjfrigo\resources\logger - INFO - 20:46:15 >>> Controle administrativo/Login de usuário True
2025-06-19 20:46:15 - C:\Users\use\Desktop\vjbots-robot-fjfrigo\resources\logger - INFO - >>> Verificando se existe janela de atualização
2025-06-19 20:46:15 - C:\Users\use\Desktop\vjbots-robot-fjfrigo\resources\logger - INFO - 20:46:15 >>> Controle administrativo/Login de usuário True
2025-06-19 20:46:15 - C:\Users\use\Desktop\vjbots-robot-fjfrigo\resources\logger - INFO - >>> Verificando se existe janela de atualização
2025-06-19 20:46:15 - C:\Users\use\Desktop\vjbots-robot-fjfrigo\resources\logger - INFO - 20:46:15 >>> Controle administrativo/Login de usuário True
2025-06-19 20:46:15 - C:\Users\use\Desktop\vjbots-robot-fjfrigo\resources\logger - INFO - >>> Verificando se existe janela de atualização
2025-06-19 20:46:15 - C:\Users\use\Desktop\vjbots-robot-fjfrigo\resources\logger - INFO - 20:46:15 >>> Controle administrativo/Login de usuário True
2025-06-19 20:46:15 - C:\Users\use\Desktop\vjbots-robot-fjfrigo\resources\logger - INFO - >>> Verificando se existe janela de atualização
2025-06-19 20:46:15 - C:\Users\use\Desktop\vjbots-robot-fjfrigo\resources\logger - INFO - 20:46:15 >>> Controle administrativo/Login de usuário True
2025-06-19 20:46:15 - C:\Users\use\Desktop\vjbots-robot-fjfrigo\resources\logger - INFO - >>> Verificando se existe janela de atualização
2025-06-19 20:46:15 - C:\Users\use\Desktop\vjbots-robot-fjfrigo\resources\logger - INFO - 20:46:15 >>> Controle administrativo/Login de usuário True
2025-06-19 20:46:15 - C:\Users\use\Desktop\vjbots-robot-fjfrigo\resources\logger - INFO - >>> Verificando se existe janela de atualização
2025-06-19 20:46:16 - C:\Users\use\Desktop\vjbots-robot-fjfrigo\resources\logger - INFO - 20:46:16 >>> Controle administrativo/Login de usuário True
2025-06-19 20:46:16 - C:\Users\use\Desktop\vjbots-robot-fjfrigo\resources\logger - INFO - >>> Verificando se existe janela de atualização
2025-06-19 20:46:16 - C:\Users\use\Desktop\vjbots-robot-fjfrigo\resources\logger - INFO - 20:46:16 >>> Controle administrativo/Login de usuário True
2025-06-19 20:46:16 - C:\Users\use\Desktop\vjbots-robot-fjfrigo\resources\logger - INFO - >>> Verificando se existe janela de atualização
2025-06-19 20:46:16 - C:\Users\use\Desktop\vjbots-robot-fjfrigo\resources\logger - INFO - 20:46:16 >>> Controle administrativo/Login de usuário True
2025-06-19 20:46:16 - C:\Users\use\Desktop\vjbots-robot-fjfrigo\resources\logger - INFO - >>> Verificando se existe janela de atualização
2025-06-19 20:46:16 - C:\Users\use\Desktop\vjbots-robot-fjfrigo\resources\logger - INFO - 20:46:16 >>> Controle administrativo/Login de usuário True
2025-06-19 20:46:16 - C:\Users\use\Desktop\vjbots-robot-fjfrigo\resources\logger - INFO - >>> Verificando se existe janela de atualização
2025-06-19 20:46:16 - C:\Users\use\Desktop\vjbots-robot-fjfrigo\resources\logger - INFO - 20:46:16 >>> Controle administrativo/Login de usuário True
2025-06-19 20:46:16 - C:\Users\use\Desktop\vjbots-robot-fjfrigo\resources\logger - INFO - >>> Verificando se existe janela de atualização
2025-06-19 20:46:16 - C:\Users\use\Desktop\vjbots-robot-fjfrigo\resources\logger - INFO - 20:46:16 >>> Controle administrativo/Login de usuário True
2025-06-19 20:46:16 - C:\Users\use\Desktop\vjbots-robot-fjfrigo\resources\logger - INFO - >>> Verificando se existe janela de atualização
2025-06-19 20:46:16 - C:\Users\use\Desktop\vjbots-robot-fjfrigo\resources\logger - INFO - 20:46:16 >>> Controle administrativo/Login de usuário True
2025-06-19 20:46:16 - C:\Users\use\Desktop\vjbots-robot-fjfrigo\resources\logger - INFO - >>> Verificando se existe janela de atualização
2025-06-19 20:46:16 - C:\Users\use\Desktop\vjbots-robot-fjfrigo\resources\logger - INFO - 20:46:16 >>> Controle administrativo/Login de usuário True
2025-06-19 20:46:16 - C:\Users\use\Desktop\vjbots-robot-fjfrigo\resources\logger - INFO - >>> Verificando se existe janela de atualização
2025-06-19 20:46:16 - C:\Users\use\Desktop\vjbots-robot-fjfrigo\resources\logger - INFO - 20:46:16 >>> Controle administrativo/Login de usuário True
2025-06-19 20:46:16 - C:\Users\use\Desktop\vjbots-robot-fjfrigo\resources\logger - INFO - >>> Verificando se existe janela de atualização
2025-06-19 20:46:17 - C:\Users\use\Desktop\vjbots-robot-fjfrigo\resources\logger - INFO - 20:46:17 >>> Controle administrativo/Login de usuário True
2025-06-19 20:46:17 - C:\Users\use\Desktop\vjbots-robot-fjfrigo\resources\logger - INFO - >>> Verificando se existe janela de atualização
2025-06-19 20:46:17 - C:\Users\use\Desktop\vjbots-robot-fjfrigo\resources\logger - INFO - 20:46:17 >>> Controle administrativo/Login de usuário True
2025-06-19 20:46:17 - C:\Users\use\Desktop\vjbots-robot-fjfrigo\resources\logger - INFO - >>> Verificando se existe janela de atualização
2025-06-19 20:46:17 - C:\Users\use\Desktop\vjbots-robot-fjfrigo\resources\logger - INFO - 20:46:17 >>> Controle administrativo/Login de usuário True
2025-06-19 20:46:17 - C:\Users\use\Desktop\vjbots-robot-fjfrigo\resources\logger - INFO - >>> Verificando se existe janela de atualização
2025-06-19 20:46:17 - C:\Users\use\Desktop\vjbots-robot-fjfrigo\resources\logger - INFO - 20:46:17 >>> Controle administrativo/Login de usuário True
2025-06-19 20:46:17 - C:\Users\use\Desktop\vjbots-robot-fjfrigo\resources\logger - INFO - >>> Verificando se existe janela de atualização
2025-06-19 20:46:17 - C:\Users\use\Desktop\vjbots-robot-fjfrigo\resources\logger - INFO - 20:46:17 >>> Controle administrativo/Login de usuário True
2025-06-19 20:46:17 - C:\Users\use\Desktop\vjbots-robot-fjfrigo\resources\logger - INFO - >>> Verificando se existe janela de atualização
2025-06-19 20:46:17 - C:\Users\use\Desktop\vjbots-robot-fjfrigo\resources\logger - INFO - 20:46:17 >>> Controle administrativo/Login de usuário True
2025-06-19 20:46:17 - C:\Users\use\Desktop\vjbots-robot-fjfrigo\resources\logger - INFO - >>> Verificando se existe janela de atualização
2025-06-19 20:46:17 - C:\Users\use\Desktop\vjbots-robot-fjfrigo\resources\logger - INFO - 20:46:17 >>> Controle administrativo/Login de usuário True
2025-06-19 20:46:17 - C:\Users\use\Desktop\vjbots-robot-fjfrigo\resources\logger - INFO - >>> Verificando se existe janela de atualização
2025-06-19 20:46:17 - C:\Users\use\Desktop\vjbots-robot-fjfrigo\resources\logger - INFO - 20:46:17 >>> Controle administrativo/Login de usuário True
2025-06-19 20:46:17 - C:\Users\use\Desktop\vjbots-robot-fjfrigo\resources\logger - INFO - >>> Verificando se existe janela de atualização
2025-06-19 20:46:18 - C:\Users\use\Desktop\vjbots-robot-fjfrigo\resources\logger - INFO - 20:46:18 >>> Controle administrativo/Login de usuário True
2025-06-19 20:46:18 - C:\Users\use\Desktop\vjbots-robot-fjfrigo\resources\logger - INFO - >>> Verificando se existe janela de atualização
2025-06-19 20:46:18 - C:\Users\use\Desktop\vjbots-robot-fjfrigo\resources\logger - INFO - 20:46:18 >>> Controle administrativo/Login de usuário True
2025-06-19 20:46:18 - C:\Users\use\Desktop\vjbots-robot-fjfrigo\resources\logger - INFO - >>> Verificando se existe janela de atualização
2025-06-19 20:46:18 - C:\Users\use\Desktop\vjbots-robot-fjfrigo\resources\logger - INFO - 20:46:18 >>> Controle administrativo/Login de usuário True
2025-06-19 20:46:18 - C:\Users\use\Desktop\vjbots-robot-fjfrigo\resources\logger - INFO - >>> Verificando se existe janela de atualização
2025-06-19 20:46:18 - C:\Users\use\Desktop\vjbots-robot-fjfrigo\resources\logger - INFO - 20:46:18 >>> Controle administrativo/Login de usuário True
2025-06-19 20:46:18 - C:\Users\use\Desktop\vjbots-robot-fjfrigo\resources\logger - INFO - >>> Verificando se existe janela de atualização
2025-06-19 20:46:18 - C:\Users\use\Desktop\vjbots-robot-fjfrigo\resources\logger - INFO - 20:46:18 >>> Controle administrativo/Login de usuário True
2025-06-19 20:46:18 - C:\Users\use\Desktop\vjbots-robot-fjfrigo\resources\logger - INFO - >>> Verificando se existe janela de atualização
2025-06-19 20:46:18 - C:\Users\use\Desktop\vjbots-robot-fjfrigo\resources\logger - INFO - 20:46:18 >>> Controle administrativo/Login de usuário True
2025-06-19 20:46:18 - C:\Users\use\Desktop\vjbots-robot-fjfrigo\resources\logger - INFO - >>> Verificando se existe janela de atualização
2025-06-19 20:46:18 - C:\Users\use\Desktop\vjbots-robot-fjfrigo\resources\logger - INFO - 20:46:18 >>> Controle administrativo/Login de usuário True
2025-06-19 20:46:18 - C:\Users\use\Desktop\vjbots-robot-fjfrigo\resources\logger - INFO - >>> Verificando se existe janela de atualização
2025-06-19 20:46:18 - C:\Users\use\Desktop\vjbots-robot-fjfrigo\resources\logger - INFO - 20:46:18 >>> Controle administrativo/Login de usuário True
2025-06-19 20:46:18 - C:\Users\use\Desktop\vjbots-robot-fjfrigo\resources\logger - INFO - >>> Verificando se existe janela de atualização
2025-06-19 20:46:19 - C:\Users\use\Desktop\vjbots-robot-fjfrigo\resources\logger - INFO - 20:46:19 >>> Controle administrativo/Login de usuário True
2025-06-19 20:46:19 - C:\Users\use\Desktop\vjbots-robot-fjfrigo\resources\logger - INFO - >>> Verificando se existe janela de atualização
2025-06-19 20:46:19 - C:\Users\use\Desktop\vjbots-robot-fjfrigo\resources\logger - INFO - 20:46:19 >>> Controle administrativo/Login de usuário True
2025-06-19 20:46:19 - C:\Users\use\Desktop\vjbots-robot-fjfrigo\resources\logger - INFO - >>> Verificando se existe janela de atualização
2025-06-19 20:46:19 - C:\Users\use\Desktop\vjbots-robot-fjfrigo\resources\logger - INFO - 20:46:19 >>> Controle administrativo/Login de usuário True
2025-06-19 20:46:19 - C:\Users\use\Desktop\vjbots-robot-fjfrigo\resources\logger - INFO - >>> Verificando se existe janela de atualização
2025-06-19 20:46:19 - C:\Users\use\Desktop\vjbots-robot-fjfrigo\resources\logger - INFO - 20:46:19 >>> Controle administrativo/Login de usuário True
2025-06-19 20:46:19 - C:\Users\use\Desktop\vjbots-robot-fjfrigo\resources\logger - INFO - >>> Verificando se existe janela de atualização
2025-06-19 20:46:19 - C:\Users\use\Desktop\vjbots-robot-fjfrigo\resources\logger - INFO - 20:46:19 >>> Controle administrativo/Login de usuário True
2025-06-19 20:46:19 - C:\Users\use\Desktop\vjbots-robot-fjfrigo\resources\logger - INFO - >>> Verificando se existe janela de atualização
2025-06-19 20:46:19 - C:\Users\use\Desktop\vjbots-robot-fjfrigo\resources\logger - INFO - 20:46:19 >>> Controle administrativo/Login de usuário True
2025-06-19 20:46:19 - C:\Users\use\Desktop\vjbots-robot-fjfrigo\resources\logger - INFO - >>> Verificando se existe janela de atualização
2025-06-19 20:46:19 - C:\Users\use\Desktop\vjbots-robot-fjfrigo\resources\logger - INFO - 20:46:19 >>> Controle administrativo/Login de usuário True
2025-06-19 20:46:19 - C:\Users\use\Desktop\vjbots-robot-fjfrigo\resources\logger - INFO - >>> Verificando se existe janela de atualização
2025-06-19 20:46:19 - C:\Users\use\Desktop\vjbots-robot-fjfrigo\resources\logger - INFO - 20:46:19 >>> Controle administrativo/Login de usuário True
2025-06-19 20:46:19 - C:\Users\use\Desktop\vjbots-robot-fjfrigo\resources\logger - INFO - >>> Verificando se existe janela de atualização
2025-06-19 20:46:19 - C:\Users\use\Desktop\vjbots-robot-fjfrigo\resources\logger - INFO - 20:46:19 >>> Controle administrativo/Login de usuário True
2025-06-19 20:46:19 - C:\Users\use\Desktop\vjbots-robot-fjfrigo\resources\logger - INFO - >>> Verificando se existe janela de atualização
2025-06-19 20:46:20 - C:\Users\use\Desktop\vjbots-robot-fjfrigo\resources\logger - INFO - 20:46:20 >>> Controle administrativo/Login de usuário True
2025-06-19 20:46:20 - C:\Users\use\Desktop\vjbots-robot-fjfrigo\resources\logger - INFO - >>> Verificando se existe janela de atualização
2025-06-19 20:46:20 - C:\Users\use\Desktop\vjbots-robot-fjfrigo\resources\logger - INFO - 20:46:20 >>> Controle administrativo/Login de usuário True
2025-06-19 20:46:20 - C:\Users\use\Desktop\vjbots-robot-fjfrigo\resources\logger - INFO - >>> Verificando se existe janela de atualização
2025-06-19 20:46:20 - C:\Users\use\Desktop\vjbots-robot-fjfrigo\resources\logger - INFO - 20:46:20 >>> Controle administrativo/Login de usuário True
2025-06-19 20:46:20 - C:\Users\use\Desktop\vjbots-robot-fjfrigo\resources\logger - INFO - >>> Verificando se existe janela de atualização
2025-06-19 20:46:20 - C:\Users\use\Desktop\vjbots-robot-fjfrigo\resources\logger - INFO - 20:46:20 >>> Controle administrativo/Login de usuário True
2025-06-19 20:46:20 - C:\Users\use\Desktop\vjbots-robot-fjfrigo\resources\logger - INFO - >>> Verificando se existe janela de atualização
2025-06-19 20:46:20 - C:\Users\use\Desktop\vjbots-robot-fjfrigo\resources\logger - INFO - 20:46:20 >>> Controle administrativo/Login de usuário True
2025-06-19 20:46:20 - C:\Users\use\Desktop\vjbots-robot-fjfrigo\resources\logger - INFO - >>> Verificando se existe janela de atualização
2025-06-19 20:46:20 - C:\Users\use\Desktop\vjbots-robot-fjfrigo\resources\logger - INFO - 20:46:20 >>> Controle administrativo/Login de usuário True
2025-06-19 20:46:20 - C:\Users\use\Desktop\vjbots-robot-fjfrigo\resources\logger - INFO - >>> Verificando se existe janela de atualização
2025-06-19 20:46:20 - C:\Users\use\Desktop\vjbots-robot-fjfrigo\resources\logger - INFO - 20:46:20 >>> Controle administrativo/Login de usuário True
2025-06-19 20:46:20 - C:\Users\use\Desktop\vjbots-robot-fjfrigo\resources\logger - INFO - >>> Verificando se existe janela de atualização
2025-06-19 20:46:21 - C:\Users\use\Desktop\vjbots-robot-fjfrigo\resources\logger - INFO - 20:46:21 >>> Controle administrativo/Login de usuário True
2025-06-19 20:46:21 - C:\Users\use\Desktop\vjbots-robot-fjfrigo\resources\logger - INFO - >>> Verificando se existe janela de atualização
2025-06-19 20:46:21 - C:\Users\use\Desktop\vjbots-robot-fjfrigo\resources\logger - INFO - 20:46:21 >>> Controle administrativo/Login de usuário True
2025-06-19 20:46:21 - C:\Users\use\Desktop\vjbots-robot-fjfrigo\resources\logger - INFO - >>> Verificando se existe janela de atualização
2025-06-19 20:46:21 - C:\Users\use\Desktop\vjbots-robot-fjfrigo\resources\logger - INFO - 20:46:21 >>> Controle administrativo/Login de usuário True
2025-06-19 20:46:21 - C:\Users\use\Desktop\vjbots-robot-fjfrigo\resources\logger - INFO - >>> Verificando se existe janela de atualização
2025-06-19 20:46:21 - C:\Users\use\Desktop\vjbots-robot-fjfrigo\resources\logger - INFO - 20:46:21 >>> Controle administrativo/Login de usuário True
2025-06-19 20:46:21 - C:\Users\use\Desktop\vjbots-robot-fjfrigo\resources\logger - INFO - >>> Verificando se existe janela de atualização
2025-06-19 20:46:21 - C:\Users\use\Desktop\vjbots-robot-fjfrigo\resources\logger - INFO - 20:46:21 >>> Controle administrativo/Login de usuário True
2025-06-19 20:46:21 - C:\Users\use\Desktop\vjbots-robot-fjfrigo\resources\logger - INFO - >>> Verificando se existe janela de atualização
2025-06-19 20:46:21 - C:\Users\use\Desktop\vjbots-robot-fjfrigo\resources\logger - INFO - 20:46:21 >>> Controle administrativo/Login de usuário True
2025-06-19 20:46:21 - C:\Users\use\Desktop\vjbots-robot-fjfrigo\resources\logger - INFO - >>> Verificando se existe janela de atualização
2025-06-19 20:46:21 - C:\Users\use\Desktop\vjbots-robot-fjfrigo\resources\logger - INFO - 20:46:21 >>> Controle administrativo/Login de usuário True
2025-06-19 20:46:21 - C:\Users\use\Desktop\vjbots-robot-fjfrigo\resources\logger - INFO - >>> Verificando se existe janela de atualização
2025-06-19 20:46:21 - C:\Users\use\Desktop\vjbots-robot-fjfrigo\resources\logger - INFO - 20:46:21 >>> Controle administrativo/Login de usuário True
2025-06-19 20:46:21 - C:\Users\use\Desktop\vjbots-robot-fjfrigo\resources\logger - INFO - >>> Verificando se existe janela de atualização
2025-06-19 20:46:21 - C:\Users\use\Desktop\vjbots-robot-fjfrigo\resources\logger - INFO - 20:46:21 >>> Controle administrativo/Login de usuário True
2025-06-19 20:46:21 - C:\Users\use\Desktop\vjbots-robot-fjfrigo\resources\logger - INFO - >>> Verificando se existe janela de atualização
2025-06-19 20:46:22 - C:\Users\use\Desktop\vjbots-robot-fjfrigo\resources\logger - INFO - 20:46:22 >>> Controle administrativo/Login de usuário True
2025-06-19 20:46:22 - C:\Users\use\Desktop\vjbots-robot-fjfrigo\resources\logger - INFO - >>> Verificando se existe janela de atualização
2025-06-19 20:46:22 - C:\Users\use\Desktop\vjbots-robot-fjfrigo\resources\logger - INFO - 20:46:22 >>> Controle administrativo/Login de usuário True
2025-06-19 20:46:22 - C:\Users\use\Desktop\vjbots-robot-fjfrigo\resources\logger - INFO - >>> Verificando se existe janela de atualização
2025-06-19 20:46:22 - C:\Users\use\Desktop\vjbots-robot-fjfrigo\resources\logger - INFO - 20:46:22 >>> Controle administrativo/Login de usuário True
2025-06-19 20:46:22 - C:\Users\use\Desktop\vjbots-robot-fjfrigo\resources\logger - INFO - >>> Verificando se existe janela de atualização
2025-06-19 20:46:22 - C:\Users\use\Desktop\vjbots-robot-fjfrigo\resources\logger - INFO - 20:46:22 >>> Controle administrativo/Login de usuário True
2025-06-19 20:46:22 - C:\Users\use\Desktop\vjbots-robot-fjfrigo\resources\logger - INFO - >>> Verificando se existe janela de atualização
2025-06-19 20:46:22 - C:\Users\use\Desktop\vjbots-robot-fjfrigo\resources\logger - INFO - 20:46:22 >>> Controle administrativo/Login de usuário True
2025-06-19 20:46:22 - C:\Users\use\Desktop\vjbots-robot-fjfrigo\resources\logger - INFO - >>> Verificando se existe janela de atualização
2025-06-19 20:46:22 - C:\Users\use\Desktop\vjbots-robot-fjfrigo\resources\logger - INFO - 20:46:22 >>> Controle administrativo/Login de usuário True
2025-06-19 20:46:22 - C:\Users\use\Desktop\vjbots-robot-fjfrigo\resources\logger - INFO - >>> Verificando se existe janela de atualização
2025-06-19 20:46:22 - C:\Users\use\Desktop\vjbots-robot-fjfrigo\resources\logger - INFO - 20:46:22 >>> Controle administrativo/Login de usuário True
2025-06-19 20:46:22 - C:\Users\use\Desktop\vjbots-robot-fjfrigo\resources\logger - INFO - >>> Verificando se existe janela de atualização
2025-06-19 20:46:22 - C:\Users\use\Desktop\vjbots-robot-fjfrigo\resources\logger - INFO - 20:46:22 >>> Controle administrativo/Login de usuário True
2025-06-19 20:46:22 - C:\Users\use\Desktop\vjbots-robot-fjfrigo\resources\logger - INFO - >>> Verificando se existe janela de atualização
2025-06-19 20:46:23 - C:\Users\use\Desktop\vjbots-robot-fjfrigo\resources\logger - INFO - 20:46:23 >>> Controle administrativo/Login de usuário True
2025-06-19 20:46:23 - C:\Users\use\Desktop\vjbots-robot-fjfrigo\resources\logger - INFO - >>> Verificando se existe janela de atualização
2025-06-19 20:46:23 - C:\Users\use\Desktop\vjbots-robot-fjfrigo\resources\logger - INFO - 20:46:23 >>> Controle administrativo/Login de usuário True
2025-06-19 20:46:23 - C:\Users\use\Desktop\vjbots-robot-fjfrigo\resources\logger - INFO - >>> Verificando se existe janela de atualização
2025-06-19 20:46:23 - C:\Users\use\Desktop\vjbots-robot-fjfrigo\resources\logger - INFO - 20:46:23 >>> Controle administrativo/Login de usuário True
2025-06-19 20:46:23 - C:\Users\use\Desktop\vjbots-robot-fjfrigo\resources\logger - INFO - >>> Verificando se existe janela de atualização
2025-06-19 20:46:23 - C:\Users\use\Desktop\vjbots-robot-fjfrigo\resources\logger - INFO - 20:46:23 >>> Controle administrativo/Login de usuário True
2025-06-19 20:46:23 - C:\Users\use\Desktop\vjbots-robot-fjfrigo\resources\logger - INFO - >>> Verificando se existe janela de atualização
2025-06-19 20:46:23 - C:\Users\use\Desktop\vjbots-robot-fjfrigo\resources\logger - INFO - 20:46:23 >>> Controle administrativo/Login de usuário True
2025-06-19 20:46:23 - C:\Users\use\Desktop\vjbots-robot-fjfrigo\resources\logger - INFO - >>> Verificando se existe janela de atualização
2025-06-19 20:46:23 - C:\Users\use\Desktop\vjbots-robot-fjfrigo\resources\logger - INFO - 20:46:23 >>> Controle administrativo/Login de usuário True
2025-06-19 20:46:23 - C:\Users\use\Desktop\vjbots-robot-fjfrigo\resources\logger - INFO - >>> Verificando se existe janela de atualização
2025-06-19 20:46:23 - C:\Users\use\Desktop\vjbots-robot-fjfrigo\resources\logger - INFO - 20:46:23 >>> Controle administrativo/Login de usuário True
2025-06-19 20:46:23 - C:\Users\use\Desktop\vjbots-robot-fjfrigo\resources\logger - INFO - >>> Verificando se existe janela de atualização
2025-06-19 20:46:23 - C:\Users\use\Desktop\vjbots-robot-fjfrigo\resources\logger - INFO - 20:46:23 >>> Controle administrativo/Login de usuário True
2025-06-19 20:46:23 - C:\Users\use\Desktop\vjbots-robot-fjfrigo\resources\logger - INFO - >>> Verificando se existe janela de atualização
2025-06-19 20:46:23 - C:\Users\use\Desktop\vjbots-robot-fjfrigo\resources\logger - INFO - 20:46:23 >>> Controle administrativo/Login de usuário True
2025-06-19 20:46:23 - C:\Users\use\Desktop\vjbots-robot-fjfrigo\resources\logger - INFO - >>> Verificando se existe janela de atualização
2025-06-19 20:46:24 - C:\Users\use\Desktop\vjbots-robot-fjfrigo\resources\logger - INFO - 20:46:24 >>> Controle administrativo/Login de usuário True
2025-06-19 20:46:24 - C:\Users\use\Desktop\vjbots-robot-fjfrigo\resources\logger - INFO - >>> Verificando se existe janela de atualização
2025-06-19 20:46:24 - C:\Users\use\Desktop\vjbots-robot-fjfrigo\resources\logger - INFO - 20:46:24 >>> Controle administrativo/Login de usuário True
2025-06-19 20:46:24 - C:\Users\use\Desktop\vjbots-robot-fjfrigo\resources\logger - INFO - >>> Verificando se existe janela de atualização
2025-06-19 20:46:24 - C:\Users\use\Desktop\vjbots-robot-fjfrigo\resources\logger - INFO - 20:46:24 >>> Controle administrativo/Login de usuário True
2025-06-19 20:46:24 - C:\Users\use\Desktop\vjbots-robot-fjfrigo\resources\logger - INFO - >>> Verificando se existe janela de atualização
2025-06-19 20:46:24 - C:\Users\use\Desktop\vjbots-robot-fjfrigo\resources\logger - INFO - 20:46:24 >>> Controle administrativo/Login de usuário True
2025-06-19 20:46:24 - C:\Users\use\Desktop\vjbots-robot-fjfrigo\resources\logger - INFO - >>> Verificando se existe janela de atualização
2025-06-19 20:46:24 - C:\Users\use\Desktop\vjbots-robot-fjfrigo\resources\logger - INFO - 20:46:24 >>> Controle administrativo/Login de usuário True
2025-06-19 20:46:24 - C:\Users\use\Desktop\vjbots-robot-fjfrigo\resources\logger - INFO - >>> Verificando se existe janela de atualização
2025-06-19 20:46:24 - C:\Users\use\Desktop\vjbots-robot-fjfrigo\resources\logger - INFO - 20:46:24 >>> Controle administrativo/Login de usuário True
2025-06-19 20:46:24 - C:\Users\use\Desktop\vjbots-robot-fjfrigo\resources\logger - INFO - >>> Verificando se existe janela de atualização
2025-06-19 20:46:24 - C:\Users\use\Desktop\vjbots-robot-fjfrigo\resources\logger - INFO - 20:46:24 >>> Controle administrativo/Login de usuário True
2025-06-19 20:46:24 - C:\Users\use\Desktop\vjbots-robot-fjfrigo\resources\logger - INFO - >>> Verificando se existe janela de atualização
2025-06-19 20:46:24 - C:\Users\use\Desktop\vjbots-robot-fjfrigo\resources\logger - INFO - 20:46:24 >>> Controle administrativo/Login de usuário True
2025-06-19 20:46:24 - C:\Users\use\Desktop\vjbots-robot-fjfrigo\resources\logger - INFO - >>> Verificando se existe janela de atualização
2025-06-19 20:46:25 - C:\Users\use\Desktop\vjbots-robot-fjfrigo\resources\logger - INFO - 20:46:25 >>> Controle administrativo/Login de usuário True
2025-06-19 20:46:25 - C:\Users\use\Desktop\vjbots-robot-fjfrigo\resources\logger - INFO - >>> Verificando se existe janela de atualização
2025-06-19 20:46:25 - C:\Users\use\Desktop\vjbots-robot-fjfrigo\resources\logger - INFO - 20:46:25 >>> Controle administrativo/Login de usuário True
2025-06-19 20:46:25 - C:\Users\use\Desktop\vjbots-robot-fjfrigo\resources\logger - INFO - >>> Verificando se existe janela de atualização
2025-06-19 20:46:25 - C:\Users\use\Desktop\vjbots-robot-fjfrigo\resources\logger - INFO - 20:46:25 >>> Controle administrativo/Login de usuário True
2025-06-19 20:46:25 - C:\Users\use\Desktop\vjbots-robot-fjfrigo\resources\logger - INFO - >>> Verificando se existe janela de atualização
2025-06-19 20:46:25 - C:\Users\use\Desktop\vjbots-robot-fjfrigo\resources\logger - INFO - 20:46:25 >>> Controle administrativo/Login de usuário True
2025-06-19 20:46:25 - C:\Users\use\Desktop\vjbots-robot-fjfrigo\resources\logger - INFO - >>> Verificando se existe janela de atualização
2025-06-19 20:46:25 - C:\Users\use\Desktop\vjbots-robot-fjfrigo\resources\logger - INFO - 20:46:25 >>> Controle administrativo/Login de usuário True
2025-06-19 20:46:25 - C:\Users\use\Desktop\vjbots-robot-fjfrigo\resources\logger - INFO - >>> Verificando se existe janela de atualização
2025-06-19 20:46:25 - C:\Users\use\Desktop\vjbots-robot-fjfrigo\resources\logger - INFO - 20:46:25 >>> Controle administrativo/Login de usuário True
2025-06-19 20:46:25 - C:\Users\use\Desktop\vjbots-robot-fjfrigo\resources\logger - INFO - >>> Verificando se existe janela de atualização
2025-06-19 20:46:25 - C:\Users\use\Desktop\vjbots-robot-fjfrigo\resources\logger - INFO - 20:46:25 >>> Controle administrativo/Login de usuário True
2025-06-19 20:46:25 - C:\Users\use\Desktop\vjbots-robot-fjfrigo\resources\logger - INFO - >>> Verificando se existe janela de atualização
2025-06-19 20:46:25 - C:\Users\use\Desktop\vjbots-robot-fjfrigo\resources\logger - INFO - 20:46:25 >>> Controle administrativo/Login de usuário True
2025-06-19 20:46:25 - C:\Users\use\Desktop\vjbots-robot-fjfrigo\resources\logger - INFO - >>> Verificando se existe janela de atualização
2025-06-19 20:46:25 - C:\Users\use\Desktop\vjbots-robot-fjfrigo\resources\logger - INFO - 20:46:25 >>> Controle administrativo/Login de usuário True
2025-06-19 20:46:26 - C:\Users\use\Desktop\vjbots-robot-fjfrigo\resources\logger - INFO - >>> Verificando se existe janela de atualização
2025-06-19 20:46:26 - C:\Users\use\Desktop\vjbots-robot-fjfrigo\resources\logger - INFO - 20:46:26 >>> Controle administrativo/Login de usuário True
2025-06-19 20:46:26 - C:\Users\use\Desktop\vjbots-robot-fjfrigo\resources\logger - INFO - >>> Verificando se existe janela de atualização
2025-06-19 20:46:26 - C:\Users\use\Desktop\vjbots-robot-fjfrigo\resources\logger - INFO - 20:46:26 >>> Controle administrativo/Login de usuário True
2025-06-19 20:46:26 - C:\Users\use\Desktop\vjbots-robot-fjfrigo\resources\logger - INFO - >>> Verificando se existe janela de atualização
2025-06-19 20:46:26 - C:\Users\use\Desktop\vjbots-robot-fjfrigo\resources\logger - INFO - 20:46:26 >>> Controle administrativo/Login de usuário True
2025-06-19 20:46:26 - C:\Users\use\Desktop\vjbots-robot-fjfrigo\resources\logger - INFO - >>> Verificando se existe janela de atualização
2025-06-19 20:46:26 - C:\Users\use\Desktop\vjbots-robot-fjfrigo\resources\logger - INFO - 20:46:26 >>> Controle administrativo/Login de usuário True
2025-06-19 20:46:26 - C:\Users\use\Desktop\vjbots-robot-fjfrigo\resources\logger - INFO - >>> Verificando se existe janela de atualização
2025-06-19 20:46:26 - C:\Users\use\Desktop\vjbots-robot-fjfrigo\resources\logger - INFO - 20:46:26 >>> Controle administrativo/Login de usuário True
2025-06-19 20:46:26 - C:\Users\use\Desktop\vjbots-robot-fjfrigo\resources\logger - INFO - >>> Verificando se existe janela de atualização
2025-06-19 20:46:26 - C:\Users\use\Desktop\vjbots-robot-fjfrigo\resources\logger - INFO - 20:46:26 >>> Controle administrativo/Login de usuário True
2025-06-19 20:46:26 - C:\Users\use\Desktop\vjbots-robot-fjfrigo\resources\logger - INFO - >>> Verificando se existe janela de atualização
2025-06-19 20:46:26 - C:\Users\use\Desktop\vjbots-robot-fjfrigo\resources\logger - INFO - 20:46:26 >>> Controle administrativo/Login de usuário True
2025-06-19 20:46:26 - C:\Users\use\Desktop\vjbots-robot-fjfrigo\resources\logger - INFO - >>> Verificando se existe janela de atualização
2025-06-19 20:46:26 - C:\Users\use\Desktop\vjbots-robot-fjfrigo\resources\logger - INFO - 20:46:26 >>> Controle administrativo/Login de usuário True
2025-06-19 20:46:26 - C:\Users\use\Desktop\vjbots-robot-fjfrigo\resources\logger - INFO - >>> Verificando se existe janela de atualização
2025-06-19 20:46:27 - C:\Users\use\Desktop\vjbots-robot-fjfrigo\resources\logger - INFO - 20:46:27 >>> Controle administrativo/Login de usuário True
2025-06-19 20:46:27 - C:\Users\use\Desktop\vjbots-robot-fjfrigo\resources\logger - INFO - >>> Verificando se existe janela de atualização
2025-06-19 20:46:27 - C:\Users\use\Desktop\vjbots-robot-fjfrigo\resources\logger - INFO - 20:46:27 >>> Controle administrativo/Login de usuário True
2025-06-19 20:46:27 - C:\Users\use\Desktop\vjbots-robot-fjfrigo\resources\logger - INFO - >>> Verificando se existe janela de atualização
2025-06-19 20:46:27 - C:\Users\use\Desktop\vjbots-robot-fjfrigo\resources\logger - INFO - 20:46:27 >>> Controle administrativo/Login de usuário True
2025-06-19 20:46:27 - C:\Users\use\Desktop\vjbots-robot-fjfrigo\resources\logger - INFO - >>> Verificando se existe janela de atualização
2025-06-19 20:46:27 - C:\Users\use\Desktop\vjbots-robot-fjfrigo\resources\logger - INFO - 20:46:27 >>> Controle administrativo/Login de usuário True
2025-06-19 20:46:27 - C:\Users\use\Desktop\vjbots-robot-fjfrigo\resources\logger - INFO - >>> Verificando se existe janela de atualização
2025-06-19 20:46:27 - C:\Users\use\Desktop\vjbots-robot-fjfrigo\resources\logger - INFO - 20:46:27 >>> Controle administrativo/Login de usuário True
2025-06-19 20:46:27 - C:\Users\use\Desktop\vjbots-robot-fjfrigo\resources\logger - INFO - >>> Verificando se existe janela de atualização
2025-06-19 20:46:27 - C:\Users\use\Desktop\vjbots-robot-fjfrigo\resources\logger - INFO - 20:46:27 >>> Controle administrativo/Login de usuário True
2025-06-19 20:46:27 - C:\Users\use\Desktop\vjbots-robot-fjfrigo\resources\logger - INFO - >>> Verificando se existe janela de atualização
2025-06-19 20:46:27 - C:\Users\use\Desktop\vjbots-robot-fjfrigo\resources\logger - INFO - 20:46:27 >>> Controle administrativo/Login de usuário True
2025-06-19 20:46:27 - C:\Users\use\Desktop\vjbots-robot-fjfrigo\resources\logger - INFO - >>> Verificando se existe janela de atualização
2025-06-19 20:46:28 - C:\Users\use\Desktop\vjbots-robot-fjfrigo\resources\logger - INFO - 20:46:28 >>> Controle administrativo/Login de usuário True
2025-06-19 20:46:28 - C:\Users\use\Desktop\vjbots-robot-fjfrigo\resources\logger - INFO - >>> Verificando se existe janela de atualização
2025-06-19 20:46:28 - C:\Users\use\Desktop\vjbots-robot-fjfrigo\resources\logger - INFO - 20:46:28 >>> Controle administrativo/Login de usuário True
2025-06-19 20:46:28 - C:\Users\use\Desktop\vjbots-robot-fjfrigo\resources\logger - INFO - >>> Verificando se existe janela de atualização
2025-06-19 20:46:28 - C:\Users\use\Desktop\vjbots-robot-fjfrigo\resources\logger - INFO - 20:46:28 >>> Controle administrativo/Login de usuário True
2025-06-19 20:46:28 - C:\Users\use\Desktop\vjbots-robot-fjfrigo\resources\logger - INFO - >>> Verificando se existe janela de atualização
2025-06-19 20:46:28 - C:\Users\use\Desktop\vjbots-robot-fjfrigo\resources\logger - INFO - 20:46:28 >>> Controle administrativo/Login de usuário True
2025-06-19 20:46:28 - C:\Users\use\Desktop\vjbots-robot-fjfrigo\resources\logger - INFO - >>> Verificando se existe janela de atualização
2025-06-19 20:46:28 - C:\Users\use\Desktop\vjbots-robot-fjfrigo\resources\logger - INFO - 20:46:28 >>> Controle administrativo/Login de usuário True
2025-06-19 20:46:28 - C:\Users\use\Desktop\vjbots-robot-fjfrigo\resources\logger - INFO - >>> Verificando se existe janela de atualização
2025-06-19 20:46:28 - C:\Users\use\Desktop\vjbots-robot-fjfrigo\resources\logger - INFO - 20:46:28 >>> Controle administrativo/Login de usuário True
2025-06-19 20:46:28 - C:\Users\use\Desktop\vjbots-robot-fjfrigo\resources\logger - INFO - >>> Verificando se existe janela de atualização
2025-06-19 20:46:28 - C:\Users\use\Desktop\vjbots-robot-fjfrigo\resources\logger - INFO - 20:46:28 >>> Controle administrativo/Login de usuário True
2025-06-19 20:46:28 - C:\Users\use\Desktop\vjbots-robot-fjfrigo\resources\logger - INFO - >>> Verificando se existe janela de atualização
2025-06-19 20:46:29 - C:\Users\use\Desktop\vjbots-robot-fjfrigo\resources\logger - INFO - 20:46:29 >>> Controle administrativo/Login de usuário True
2025-06-19 20:46:29 - C:\Users\use\Desktop\vjbots-robot-fjfrigo\resources\logger - INFO - >>> Verificando se existe janela de atualização
2025-06-19 20:46:29 - C:\Users\use\Desktop\vjbots-robot-fjfrigo\resources\logger - INFO - 20:46:29 >>> Controle administrativo/Login de usuário True
2025-06-19 20:46:29 - C:\Users\use\Desktop\vjbots-robot-fjfrigo\resources\logger - INFO - >>> Verificando se existe janela de atualização
2025-06-19 20:46:29 - C:\Users\use\Desktop\vjbots-robot-fjfrigo\resources\logger - INFO - 20:46:29 >>> Controle administrativo/Login de usuário True
2025-06-19 20:46:29 - C:\Users\use\Desktop\vjbots-robot-fjfrigo\resources\logger - INFO - >>> Verificando se existe janela de atualização
2025-06-19 20:46:29 - C:\Users\use\Desktop\vjbots-robot-fjfrigo\resources\logger - INFO - 20:46:29 >>> Controle administrativo/Login de usuário True
2025-06-19 20:46:29 - C:\Users\use\Desktop\vjbots-robot-fjfrigo\resources\logger - INFO - >>> Verificando se existe janela de atualização
2025-06-19 20:46:29 - C:\Users\use\Desktop\vjbots-robot-fjfrigo\resources\logger - INFO - 20:46:29 >>> Controle administrativo/Login de usuário True
2025-06-19 20:46:29 - C:\Users\use\Desktop\vjbots-robot-fjfrigo\resources\logger - INFO - >>> Verificando se existe janela de atualização
2025-06-19 20:46:30 - C:\Users\use\Desktop\vjbots-robot-fjfrigo\resources\logger - INFO - 20:46:30 >>> Controle administrativo/Login de usuário True
2025-06-19 20:46:30 - C:\Users\use\Desktop\vjbots-robot-fjfrigo\resources\logger - INFO - >>> Verificando se existe janela de atualização
2025-06-19 20:46:30 - C:\Users\use\Desktop\vjbots-robot-fjfrigo\resources\logger - INFO - 20:46:30 >>> Controle administrativo/Login de usuário True
2025-06-19 20:46:30 - C:\Users\use\Desktop\vjbots-robot-fjfrigo\resources\logger - INFO - >>> Verificando se existe janela de atualização
2025-06-19 20:46:30 - C:\Users\use\Desktop\vjbots-robot-fjfrigo\resources\logger - INFO - 20:46:30 >>> Controle administrativo/Login de usuário True
2025-06-19 20:46:30 - C:\Users\use\Desktop\vjbots-robot-fjfrigo\resources\logger - INFO - >>> Verificando se existe janela de atualização
2025-06-19 20:46:30 - C:\Users\use\Desktop\vjbots-robot-fjfrigo\resources\logger - INFO - 20:46:30 >>> Controle administrativo/Login de usuário True
2025-06-19 20:46:30 - C:\Users\use\Desktop\vjbots-robot-fjfrigo\resources\logger - INFO - >>> Verificando se existe janela de atualização
2025-06-19 20:46:30 - C:\Users\use\Desktop\vjbots-robot-fjfrigo\resources\logger - INFO - 20:46:30 >>> Controle administrativo/Login de usuário True
2025-06-19 20:46:30 - C:\Users\use\Desktop\vjbots-robot-fjfrigo\resources\logger - INFO - >>> Verificando se existe janela de atualização
2025-06-19 20:46:30 - C:\Users\use\Desktop\vjbots-robot-fjfrigo\resources\logger - INFO - 20:46:30 >>> Controle administrativo/Login de usuário True
2025-06-19 20:46:30 - C:\Users\use\Desktop\vjbots-robot-fjfrigo\resources\logger - INFO - >>> Verificando se existe janela de atualização
2025-06-19 20:46:31 - C:\Users\use\Desktop\vjbots-robot-fjfrigo\resources\logger - INFO - 20:46:31 >>> Controle administrativo/Login de usuário True
2025-06-19 20:46:31 - C:\Users\use\Desktop\vjbots-robot-fjfrigo\resources\logger - INFO - >>> Verificando se existe janela de atualização
2025-06-19 20:46:31 - C:\Users\use\Desktop\vjbots-robot-fjfrigo\resources\logger - INFO - 20:46:31 >>> Controle administrativo/Login de usuário True
2025-06-19 20:46:31 - C:\Users\use\Desktop\vjbots-robot-fjfrigo\resources\logger - INFO - >>> Verificando se existe janela de atualização
2025-06-19 20:46:31 - C:\Users\use\Desktop\vjbots-robot-fjfrigo\resources\logger - INFO - 20:46:31 >>> Controle administrativo/Login de usuário True
2025-06-19 20:46:31 - C:\Users\use\Desktop\vjbots-robot-fjfrigo\resources\logger - INFO - >>> Verificando se existe janela de atualização
2025-06-19 20:46:31 - C:\Users\use\Desktop\vjbots-robot-fjfrigo\resources\logger - INFO - 20:46:31 >>> Controle administrativo/Login de usuário True
2025-06-19 20:46:31 - C:\Users\use\Desktop\vjbots-robot-fjfrigo\resources\logger - INFO - >>> Verificando se existe janela de atualização
2025-06-19 20:46:31 - C:\Users\use\Desktop\vjbots-robot-fjfrigo\resources\logger - INFO - 20:46:31 >>> Controle administrativo/Login de usuário True
2025-06-19 20:46:31 - C:\Users\use\Desktop\vjbots-robot-fjfrigo\resources\logger - INFO - >>> Verificando se existe janela de atualização
2025-06-19 20:46:31 - C:\Users\use\Desktop\vjbots-robot-fjfrigo\resources\logger - INFO - 20:46:31 >>> Controle administrativo/Login de usuário True
2025-06-19 20:46:31 - C:\Users\use\Desktop\vjbots-robot-fjfrigo\resources\logger - INFO - >>> Verificando se existe janela de atualização
2025-06-19 20:46:32 - C:\Users\use\Desktop\vjbots-robot-fjfrigo\resources\logger - INFO - 20:46:32 >>> Controle administrativo/Login de usuário True
2025-06-19 20:46:32 - C:\Users\use\Desktop\vjbots-robot-fjfrigo\resources\logger - INFO - >>> Verificando se existe janela de atualização
2025-06-19 20:46:32 - C:\Users\use\Desktop\vjbots-robot-fjfrigo\resources\logger - INFO - 20:46:32 >>> Controle administrativo/Login de usuário True
2025-06-19 20:46:32 - C:\Users\use\Desktop\vjbots-robot-fjfrigo\resources\logger - INFO - >>> Verificando se existe janela de atualização
2025-06-19 20:46:32 - C:\Users\use\Desktop\vjbots-robot-fjfrigo\resources\logger - INFO - 20:46:32 >>> Controle administrativo/Login de usuário True
2025-06-19 20:46:32 - C:\Users\use\Desktop\vjbots-robot-fjfrigo\resources\logger - INFO - >>> Verificando se existe janela de atualização
2025-06-19 20:46:32 - C:\Users\use\Desktop\vjbots-robot-fjfrigo\resources\logger - INFO - 20:46:32 >>> Controle administrativo/Login de usuário True
2025-06-19 20:46:32 - C:\Users\use\Desktop\vjbots-robot-fjfrigo\resources\logger - INFO - >>> Verificando se existe janela de atualização
2025-06-19 20:46:32 - C:\Users\use\Desktop\vjbots-robot-fjfrigo\resources\logger - INFO - 20:46:32 >>> Controle administrativo/Login de usuário True
2025-06-19 20:46:32 - C:\Users\use\Desktop\vjbots-robot-fjfrigo\resources\logger - INFO - >>> Verificando se existe janela de atualização
2025-06-19 20:46:32 - C:\Users\use\Desktop\vjbots-robot-fjfrigo\resources\logger - INFO - 20:46:32 >>> Controle administrativo/Login de usuário True
2025-06-19 20:46:32 - C:\Users\use\Desktop\vjbots-robot-fjfrigo\resources\logger - INFO - >>> Verificando se existe janela de atualização
2025-06-19 20:46:32 - C:\Users\use\Desktop\vjbots-robot-fjfrigo\resources\logger - INFO - 20:46:32 >>> Controle administrativo/Login de usuário True
2025-06-19 20:46:32 - C:\Users\use\Desktop\vjbots-robot-fjfrigo\resources\logger - INFO - >>> Verificando se existe janela de atualização
2025-06-19 20:46:33 - C:\Users\use\Desktop\vjbots-robot-fjfrigo\resources\logger - INFO - 20:46:33 >>> Controle administrativo/Login de usuário True
2025-06-19 20:46:33 - C:\Users\use\Desktop\vjbots-robot-fjfrigo\resources\logger - INFO - >>> Verificando se existe janela de atualização
2025-06-19 20:46:33 - C:\Users\use\Desktop\vjbots-robot-fjfrigo\resources\logger - INFO - 20:46:33 >>> Controle administrativo/Login de usuário True
2025-06-19 20:46:33 - C:\Users\use\Desktop\vjbots-robot-fjfrigo\resources\logger - INFO - >>> Verificando se existe janela de atualização
2025-06-19 20:46:33 - C:\Users\use\Desktop\vjbots-robot-fjfrigo\resources\logger - INFO - 20:46:33 >>> Controle administrativo/Login de usuário True
2025-06-19 20:46:33 - C:\Users\use\Desktop\vjbots-robot-fjfrigo\resources\logger - INFO - >>> Verificando se existe janela de atualização
2025-06-19 20:46:33 - C:\Users\use\Desktop\vjbots-robot-fjfrigo\resources\logger - INFO - 20:46:33 >>> Controle administrativo/Login de usuário True
2025-06-19 20:46:33 - C:\Users\use\Desktop\vjbots-robot-fjfrigo\resources\logger - INFO - >>> Verificando se existe janela de atualização
2025-06-19 20:46:33 - C:\Users\use\Desktop\vjbots-robot-fjfrigo\resources\logger - INFO - 20:46:33 >>> Controle administrativo/Login de usuário True
2025-06-19 20:46:33 - C:\Users\use\Desktop\vjbots-robot-fjfrigo\resources\logger - INFO - >>> Verificando se existe janela de atualização
2025-06-19 20:46:33 - C:\Users\use\Desktop\vjbots-robot-fjfrigo\resources\logger - INFO - 20:46:33 >>> Controle administrativo/Login de usuário True
2025-06-19 20:46:33 - C:\Users\use\Desktop\vjbots-robot-fjfrigo\resources\logger - INFO - >>> Verificando se existe janela de atualização
2025-06-19 20:46:33 - C:\Users\use\Desktop\vjbots-robot-fjfrigo\resources\logger - INFO - 20:46:33 >>> Controle administrativo/Login de usuário True
2025-06-19 20:46:33 - C:\Users\use\Desktop\vjbots-robot-fjfrigo\resources\logger - INFO - >>> Verificando se existe janela de atualização
2025-06-19 20:46:33 - C:\Users\use\Desktop\vjbots-robot-fjfrigo\resources\logger - INFO - 20:46:33 >>> Controle administrativo/Login de usuário True
2025-06-19 20:46:33 - C:\Users\use\Desktop\vjbots-robot-fjfrigo\resources\logger - INFO - >>> Verificando se existe janela de atualização
2025-06-19 20:46:34 - C:\Users\use\Desktop\vjbots-robot-fjfrigo\resources\logger - INFO - 20:46:34 >>> Controle administrativo/Login de usuário True
2025-06-19 20:46:34 - C:\Users\use\Desktop\vjbots-robot-fjfrigo\resources\logger - INFO - >>> Verificando se existe janela de atualização
2025-06-19 20:46:34 - C:\Users\use\Desktop\vjbots-robot-fjfrigo\resources\logger - INFO - 20:46:34 >>> Controle administrativo/Login de usuário True
2025-06-19 20:46:34 - C:\Users\use\Desktop\vjbots-robot-fjfrigo\resources\logger - INFO - >>> Verificando se existe janela de atualização
2025-06-19 20:46:34 - C:\Users\use\Desktop\vjbots-robot-fjfrigo\resources\logger - INFO - 20:46:34 >>> Controle administrativo/Login de usuário True
2025-06-19 20:46:34 - C:\Users\use\Desktop\vjbots-robot-fjfrigo\resources\logger - INFO - >>> Verificando se existe janela de atualização
2025-06-19 20:46:34 - C:\Users\use\Desktop\vjbots-robot-fjfrigo\resources\logger - INFO - 20:46:34 >>> Controle administrativo/Login de usuário True
2025-06-19 20:46:34 - C:\Users\use\Desktop\vjbots-robot-fjfrigo\resources\logger - INFO - >>> Verificando se existe janela de atualização
2025-06-19 20:46:34 - C:\Users\use\Desktop\vjbots-robot-fjfrigo\resources\logger - INFO - 20:46:34 >>> Controle administrativo/Login de usuário True
2025-06-19 20:46:34 - C:\Users\use\Desktop\vjbots-robot-fjfrigo\resources\logger - INFO - >>> Verificando se existe janela de atualização
2025-06-19 20:46:34 - C:\Users\use\Desktop\vjbots-robot-fjfrigo\resources\logger - INFO - 20:46:34 >>> Controle administrativo/Login de usuário True
2025-06-19 20:46:34 - C:\Users\use\Desktop\vjbots-robot-fjfrigo\resources\logger - INFO - >>> Verificando se existe janela de atualização
2025-06-19 20:46:34 - C:\Users\use\Desktop\vjbots-robot-fjfrigo\resources\logger - INFO - 20:46:34 >>> Controle administrativo/Login de usuário True
2025-06-19 20:46:34 - C:\Users\use\Desktop\vjbots-robot-fjfrigo\resources\logger - INFO - >>> Verificando se existe janela de atualização
2025-06-19 20:46:34 - C:\Users\use\Desktop\vjbots-robot-fjfrigo\resources\logger - INFO - 20:46:34 >>> Controle administrativo/Login de usuário True
2025-06-19 20:46:34 - C:\Users\use\Desktop\vjbots-robot-fjfrigo\resources\logger - INFO - >>> Verificando se existe janela de atualização
2025-06-19 20:46:34 - C:\Users\use\Desktop\vjbots-robot-fjfrigo\resources\logger - INFO - 20:46:34 >>> Controle administrativo/Login de usuário True
2025-06-19 20:46:34 - C:\Users\use\Desktop\vjbots-robot-fjfrigo\resources\logger - INFO - >>> Verificando se existe janela de atualização
2025-06-19 20:46:34 - C:\Users\use\Desktop\vjbots-robot-fjfrigo\resources\logger - INFO - 20:46:34 >>> Controle administrativo/Login de usuário True
2025-06-19 20:46:34 - C:\Users\use\Desktop\vjbots-robot-fjfrigo\resources\logger - INFO - >>> Verificando se existe janela de atualização
2025-06-19 20:46:35 - C:\Users\use\Desktop\vjbots-robot-fjfrigo\resources\logger - INFO - 20:46:35 >>> Controle administrativo/Login de usuário True
2025-06-19 20:46:35 - C:\Users\use\Desktop\vjbots-robot-fjfrigo\resources\logger - INFO - >>> Verificando se existe janela de atualização
2025-06-19 20:46:35 - C:\Users\use\Desktop\vjbots-robot-fjfrigo\resources\logger - INFO - 20:46:35 >>> Controle administrativo/Login de usuário True
2025-06-19 20:46:35 - C:\Users\use\Desktop\vjbots-robot-fjfrigo\resources\logger - INFO - >>> Verificando se existe janela de atualização
2025-06-19 20:46:35 - C:\Users\use\Desktop\vjbots-robot-fjfrigo\resources\logger - INFO - 20:46:35 >>> Controle administrativo/Login de usuário True
2025-06-19 20:46:35 - C:\Users\use\Desktop\vjbots-robot-fjfrigo\resources\logger - INFO - >>> Verificando se existe janela de atualização
2025-06-19 20:46:35 - C:\Users\use\Desktop\vjbots-robot-fjfrigo\resources\logger - INFO - 20:46:35 >>> Controle administrativo/Login de usuário True
2025-06-19 20:46:35 - C:\Users\use\Desktop\vjbots-robot-fjfrigo\resources\logger - INFO - >>> Verificando se existe janela de atualização
2025-06-19 20:46:35 - C:\Users\use\Desktop\vjbots-robot-fjfrigo\resources\logger - INFO - 20:46:35 >>> Controle administrativo/Login de usuário True
2025-06-19 20:46:35 - C:\Users\use\Desktop\vjbots-robot-fjfrigo\resources\logger - INFO - >>> Verificando se existe janela de atualização
2025-06-19 20:46:35 - C:\Users\use\Desktop\vjbots-robot-fjfrigo\resources\logger - INFO - 20:46:35 >>> Controle administrativo/Login de usuário True
2025-06-19 20:46:35 - C:\Users\use\Desktop\vjbots-robot-fjfrigo\resources\logger - INFO - >>> Verificando se existe janela de atualização
2025-06-19 20:46:35 - C:\Users\use\Desktop\vjbots-robot-fjfrigo\resources\logger - INFO - 20:46:35 >>> Controle administrativo/Login de usuário True
2025-06-19 20:46:35 - C:\Users\use\Desktop\vjbots-robot-fjfrigo\resources\logger - INFO - >>> Verificando se existe janela de atualização
2025-06-19 20:46:36 - C:\Users\use\Desktop\vjbots-robot-fjfrigo\resources\logger - INFO - 20:46:36 >>> Controle administrativo/Login de usuário True
2025-06-19 20:46:36 - C:\Users\use\Desktop\vjbots-robot-fjfrigo\resources\logger - INFO - >>> Verificando se existe janela de atualização
2025-06-19 20:46:36 - C:\Users\use\Desktop\vjbots-robot-fjfrigo\resources\logger - INFO - 20:46:36 >>> Controle administrativo/Login de usuário True
2025-06-19 20:46:36 - C:\Users\use\Desktop\vjbots-robot-fjfrigo\resources\logger - INFO - >>> Verificando se existe janela de atualização
2025-06-19 20:46:36 - C:\Users\use\Desktop\vjbots-robot-fjfrigo\resources\logger - INFO - 20:46:36 >>> Controle administrativo/Login de usuário True
2025-06-19 20:46:36 - C:\Users\use\Desktop\vjbots-robot-fjfrigo\resources\logger - INFO - >>> Verificando se existe janela de atualização
2025-06-19 20:46:36 - C:\Users\use\Desktop\vjbots-robot-fjfrigo\resources\logger - INFO - 20:46:36 >>> Controle administrativo/Login de usuário True
2025-06-19 20:46:36 - C:\Users\use\Desktop\vjbots-robot-fjfrigo\resources\logger - INFO - >>> Verificando se existe janela de atualização
2025-06-19 20:46:36 - C:\Users\use\Desktop\vjbots-robot-fjfrigo\resources\logger - INFO - 20:46:36 >>> Controle administrativo/Login de usuário True
2025-06-19 20:46:36 - C:\Users\use\Desktop\vjbots-robot-fjfrigo\resources\logger - INFO - >>> Verificando se existe janela de atualização
2025-06-19 20:46:36 - C:\Users\use\Desktop\vjbots-robot-fjfrigo\resources\logger - INFO - 20:46:36 >>> Controle administrativo/Login de usuário True
2025-06-19 20:46:36 - C:\Users\use\Desktop\vjbots-robot-fjfrigo\resources\logger - INFO - >>> Verificando se existe janela de atualização
2025-06-19 20:46:36 - C:\Users\use\Desktop\vjbots-robot-fjfrigo\resources\logger - INFO - 20:46:36 >>> Controle administrativo/Login de usuário True
2025-06-19 20:46:36 - C:\Users\use\Desktop\vjbots-robot-fjfrigo\resources\logger - INFO - >>> Verificando se existe janela de atualização
2025-06-19 20:46:36 - C:\Users\use\Desktop\vjbots-robot-fjfrigo\resources\logger - INFO - 20:46:36 >>> Controle administrativo/Login de usuário True
2025-06-19 20:46:36 - C:\Users\use\Desktop\vjbots-robot-fjfrigo\resources\logger - INFO - >>> Verificando se existe janela de atualização
2025-06-19 20:46:37 - C:\Users\use\Desktop\vjbots-robot-fjfrigo\resources\logger - INFO - 20:46:37 >>> Controle administrativo/Login de usuário True
2025-06-19 20:46:37 - C:\Users\use\Desktop\vjbots-robot-fjfrigo\resources\logger - INFO - >>> Verificando se existe janela de atualização
2025-06-19 20:46:37 - C:\Users\use\Desktop\vjbots-robot-fjfrigo\resources\logger - INFO - 20:46:37 >>> Controle administrativo/Login de usuário True
2025-06-19 20:46:37 - C:\Users\use\Desktop\vjbots-robot-fjfrigo\resources\logger - INFO - >>> Verificando se existe janela de atualização
2025-06-19 20:46:37 - C:\Users\use\Desktop\vjbots-robot-fjfrigo\resources\logger - INFO - 20:46:37 >>> Controle administrativo/Login de usuário True
2025-06-19 20:46:37 - C:\Users\use\Desktop\vjbots-robot-fjfrigo\resources\logger - INFO - >>> Verificando se existe janela de atualização
2025-06-19 20:46:37 - C:\Users\use\Desktop\vjbots-robot-fjfrigo\resources\logger - INFO - 20:46:37 >>> Controle administrativo/Login de usuário True
2025-06-19 20:46:37 - C:\Users\use\Desktop\vjbots-robot-fjfrigo\resources\logger - INFO - >>> Verificando se existe janela de atualização
2025-06-19 20:46:37 - C:\Users\use\Desktop\vjbots-robot-fjfrigo\resources\logger - INFO - 20:46:37 >>> Controle administrativo/Login de usuário True
2025-06-19 20:46:37 - C:\Users\use\Desktop\vjbots-robot-fjfrigo\resources\logger - INFO - >>> Verificando se existe janela de atualização
2025-06-19 20:46:37 - C:\Users\use\Desktop\vjbots-robot-fjfrigo\resources\logger - INFO - 20:46:37 >>> Controle administrativo/Login de usuário True
2025-06-19 20:46:37 - C:\Users\use\Desktop\vjbots-robot-fjfrigo\resources\logger - INFO - >>> Verificando se existe janela de atualização
2025-06-19 20:46:37 - C:\Users\use\Desktop\vjbots-robot-fjfrigo\resources\logger - INFO - 20:46:37 >>> Controle administrativo/Login de usuário True
2025-06-19 20:46:37 - C:\Users\use\Desktop\vjbots-robot-fjfrigo\resources\logger - INFO - >>> Verificando se existe janela de atualização
2025-06-19 20:46:37 - C:\Users\use\Desktop\vjbots-robot-fjfrigo\resources\logger - INFO - 20:46:37 >>> Controle administrativo/Login de usuário True
2025-06-19 20:46:37 - C:\Users\use\Desktop\vjbots-robot-fjfrigo\resources\logger - INFO - >>> Verificando se existe janela de atualização
2025-06-19 20:46:38 - C:\Users\use\Desktop\vjbots-robot-fjfrigo\resources\logger - INFO - 20:46:38 >>> Controle administrativo/Login de usuário True
2025-06-19 20:46:38 - C:\Users\use\Desktop\vjbots-robot-fjfrigo\resources\logger - INFO - >>> Verificando se existe janela de atualização
2025-06-19 20:46:38 - C:\Users\use\Desktop\vjbots-robot-fjfrigo\resources\logger - INFO - 20:46:38 >>> Controle administrativo/Login de usuário True
2025-06-19 20:46:38 - C:\Users\use\Desktop\vjbots-robot-fjfrigo\resources\logger - INFO - >>> Verificando se existe janela de atualização
2025-06-19 20:46:38 - C:\Users\use\Desktop\vjbots-robot-fjfrigo\resources\logger - INFO - 20:46:38 >>> Controle administrativo/Login de usuário True
2025-06-19 20:46:38 - C:\Users\use\Desktop\vjbots-robot-fjfrigo\resources\logger - INFO - >>> Verificando se existe janela de atualização
2025-06-19 20:46:38 - C:\Users\use\Desktop\vjbots-robot-fjfrigo\resources\logger - INFO - 20:46:38 >>> Controle administrativo/Login de usuário True
2025-06-19 20:46:38 - C:\Users\use\Desktop\vjbots-robot-fjfrigo\resources\logger - INFO - >>> Verificando se existe janela de atualização
2025-06-19 20:46:38 - C:\Users\use\Desktop\vjbots-robot-fjfrigo\resources\logger - INFO - 20:46:38 >>> Controle administrativo/Login de usuário True
2025-06-19 20:46:38 - C:\Users\use\Desktop\vjbots-robot-fjfrigo\resources\logger - INFO - >>> Verificando se existe janela de atualização
2025-06-19 20:46:38 - C:\Users\use\Desktop\vjbots-robot-fjfrigo\resources\logger - INFO - 20:46:38 >>> Controle administrativo/Login de usuário True
2025-06-19 20:46:38 - C:\Users\use\Desktop\vjbots-robot-fjfrigo\resources\logger - INFO - >>> Verificando se existe janela de atualização
